0 info it worked if it ends with ok
1 verbose cli [ '/usr/bin/node', '/usr/bin/npm', 'run', 'test' ]
2 info using npm@3.5.2
3 info using node@v8.10.0
4 verbose run-script [ 'pretest', 'test', 'posttest' ]
5 info lifecycle kite-connector@3.0.0~pretest: kite-connector@3.0.0
6 silly lifecycle kite-connector@3.0.0~pretest: no script for pretest, continuing
7 info lifecycle kite-connector@3.0.0~test: kite-connector@3.0.0
8 verbose lifecycle kite-connector@3.0.0~test: unsafe-perm in lifecycle true
9 verbose lifecycle kite-connector@3.0.0~test: PATH: /usr/share/npm/bin/node-gyp-bin:/home/kite/kite-connect-js/node_modules/.bin:/usr/local/sbin:/usr/local/bin:/usr/sbin:/usr/bin:/sbin:/bin:/usr/games:/usr/local/games:/snap/bin:/usr/local/go/bin:/home/kite/go/bin
10 verbose lifecycle kite-connector@3.0.0~test: CWD: /home/kite/kite-connect-js
11 silly lifecycle kite-connector@3.0.0~test: Args: [ '-c',
11 silly lifecycle   'nyc mocha --timeout 5000 --recursive test/*.test.js test/**/*.test.js' ]
12 silly lifecycle kite-connector@3.0.0~test: Returned: code: 4  signal: null
13 info lifecycle kite-connector@3.0.0~test: Failed to exec test script
14 verbose stack Error: kite-connector@3.0.0 test: `nyc mocha --timeout 5000 --recursive test/*.test.js test/**/*.test.js`
14 verbose stack Exit status 4
14 verbose stack     at EventEmitter.<anonymous> (/usr/share/npm/lib/utils/lifecycle.js:232:16)
14 verbose stack     at emitTwo (events.js:126:13)
14 verbose stack     at EventEmitter.emit (events.js:214:7)
14 verbose stack     at ChildProcess.<anonymous> (/usr/share/npm/lib/utils/spawn.js:24:14)
14 verbose stack     at emitTwo (events.js:126:13)
14 verbose stack     at ChildProcess.emit (events.js:214:7)
14 verbose stack     at maybeClose (internal/child_process.js:925:16)
14 verbose stack     at Process.ChildProcess._handle.onexit (internal/child_process.js:209:5)
15 verbose pkgid kite-connector@3.0.0
16 verbose cwd /home/kite/kite-connect-js
17 error Linux 4.18.0-16-generic
18 error argv "/usr/bin/node" "/usr/bin/npm" "run" "test"
19 error node v8.10.0
20 error npm  v3.5.2
21 error code ELIFECYCLE
22 error kite-connector@3.0.0 test: `nyc mocha --timeout 5000 --recursive test/*.test.js test/**/*.test.js`
22 error Exit status 4
23 error Failed at the kite-connector@3.0.0 test script 'nyc mocha --timeout 5000 --recursive test/*.test.js test/**/*.test.js'.
23 error Make sure you have the latest version of node.js and npm installed.
23 error If you do, this is most likely a problem with the kite-connector package,
23 error not with npm itself.
23 error Tell the author that this fails on your system:
23 error     nyc mocha --timeout 5000 --recursive test/*.test.js test/**/*.test.js
23 error You can get information on how to open an issue for this project with:
23 error     npm bugs kite-connector
23 error Or if that isn't available, you can get their info via:
23 error     npm owner ls kite-connector
23 error There is likely additional logging output above.
24 verbose exit [ 1, true ]
